Arguments: 
  /home/aluno/.nvm/versions/node/v20.9.0/bin/node /snap/node/7581/bin/yarn.js add fastfy

PATH: 
  /home/aluno/.nvm/versions/node/v20.9.0/bin:/usr/local/sbin:/usr/local/bin:/usr/sbin:/usr/bin:/sbin:/bin:/usr/games:/usr/local/games:/snap/bin:/snap/bin

Yarn version: 
  1.22.19

Node version: 
  20.9.0

Platform: 
  linux x64

Trace: 
  Error: https://registry.yarnpkg.com/fastfy: Not found
      at params.callback [as _callback] (/snap/node/7581/lib/cli.js:66145:18)
      at self.callback (/snap/node/7581/lib/cli.js:140890:22)
      at Request.emit (node:events:514:28)
      at Request.<anonymous> (/snap/node/7581/lib/cli.js:141862:10)
      at Request.emit (node:events:514:28)
      at IncomingMessage.<anonymous> (/snap/node/7581/lib/cli.js:141784:12)
      at Object.onceWrapper (node:events:628:28)
      at IncomingMessage.emit (node:events:526:35)
      at endReadableNT (node:internal/streams/readable:1408:12)
      at process.processTicksAndRejections (node:internal/process/task_queues:82:21)

npm manifest: 
  {
    "name": "customers",
    "version": "1.0.0",
    "description": "Microsservice that manage customers",
    "main": "index.js",
    "repository": "https://github.com/brayanfreitas/products-management.git",
    "author": "Brayan",
    "license": "MIT"
  }

yarn manifest: 
  No manifest

Lockfile: 
  # THIS IS AN AUTOGENERATED FILE. DO NOT EDIT THIS FILE DIRECTLY.
  # yarn lockfile v1
